2025-04-13T13:11:13.301+1000 [DEBUG] [org.gradle.launcher.daemon.bootstrap.DaemonMain] Assuming the daemon was started with following jvm opts: [-XX:MaxMetaspaceSize=384m, -XX:+HeapDumpOnOutOfMemoryError, -Xms256m, -Xmx512m, -Dfile.encoding=UTF-8, -Duser.country=AU, -Duser.language=en, -Duser.variant]
2025-04-13T13:11:13.400+1000 [DEBUG] [org.gradle.internal.remote.internal.inet.InetAddresses] Adding IP addresses for network interface lo
2025-04-13T13:11:13.401+1000 [DEBUG] [org.gradle.internal.remote.internal.inet.InetAddresses] Is this a loopback interface? true
2025-04-13T13:11:13.402+1000 [DEBUG] [org.gradle.internal.remote.internal.inet.InetAddresses] Adding loopback address /127.0.0.1
2025-04-13T13:11:13.421+1000 [INFO] [org.gradle.launcher.daemon.server.Daemon] start() called on daemon - DefaultDaemonContext[uid=0490901e-666c-4673-831b-8e0be2fe6d37,javaHome=/usr/lib/jvm/java-23-openjdk,javaVersion=23,javaVendor=Arch Linux,daemonRegistryDir=/home/.gradle/daemon,pid=61,idleTimeout=10800000,priority=NORMAL,applyInstrumentationAgent=true,nativeServicesMode=ENABLED,daemonOpts=-XX:MaxMetaspaceSize=384m,-XX:+HeapDumpOnOutOfMemoryError,-Xms256m,-Xmx512m,-Dfile.encoding=UTF-8,-Duser.country=AU,-Duser.language=en,-Duser.variant]
2025-04-13T13:11:13.437+1000 [DEBUG] [org.gradle.internal.remote.internal.inet.TcpIncomingConnector] Listening on [00031980-6b2f-43c8-91c3-50ccb1b7ca93 port:41857, addresses:[localhost/127.0.0.1]].
2025-04-13T13:11:13.441+1000 [DEBUG] [org.gradle.launcher.daemon.server.Daemon] Daemon starting at: Sun Apr 13 13:11:13 AEST 2025, with address: [00031980-6b2f-43c8-91c3-50ccb1b7ca93 port:41857, addresses:[localhost/127.0.0.1]]
2025-04-13T13:11:13.441+1000 [INFO] [org.gradle.launcher.daemon.server.DaemonRegistryUpdater] Advertising the daemon address to the clients: [00031980-6b2f-43c8-91c3-50ccb1b7ca93 port:41857, addresses:[localhost/127.0.0.1]]
2025-04-13T13:11:13.444+1000 [DEBUG] [org.gradle.launcher.daemon.server.DaemonRegistryUpdater] Advertised daemon context: DefaultDaemonContext[uid=0490901e-666c-4673-831b-8e0be2fe6d37,javaHome=/usr/lib/jvm/java-23-openjdk,javaVersion=23,javaVendor=Arch Linux,daemonRegistryDir=/home/.gradle/daemon,pid=61,idleTimeout=10800000,priority=NORMAL,applyInstrumentationAgent=true,nativeServicesMode=ENABLED,daemonOpts=-XX:MaxMetaspaceSize=384m,-XX:+HeapDumpOnOutOfMemoryError,-Xms256m,-Xmx512m,-Dfile.encoding=UTF-8,-Duser.country=AU,-Duser.language=en,-Duser.variant]
2025-04-13T13:11:13.445+1000 [DEBUG] [org.gradle.launcher.daemon.registry.PersistentDaemonRegistry] Storing daemon address: [00031980-6b2f-43c8-91c3-50ccb1b7ca93 port:41857, addresses:[localhost/127.0.0.1]], context: DefaultDaemonContext[uid=0490901e-666c-4673-831b-8e0be2fe6d37,javaHome=/usr/lib/jvm/java-23-openjdk,javaVersion=23,javaVendor=Arch Linux,daemonRegistryDir=/home/.gradle/daemon,pid=61,idleTimeout=10800000,priority=NORMAL,applyInstrumentationAgent=true,nativeServicesMode=ENABLED,daemonOpts=-XX:MaxMetaspaceSize=384m,-XX:+HeapDumpOnOutOfMemoryError,-Xms256m,-Xmx512m,-Dfile.encoding=UTF-8,-Duser.country=AU,-Duser.language=en,-Duser.variant]
2025-04-13T13:11:13.450+1000 [DEBUG] [org.gradle.cache.internal.DefaultFileLockManager] Waiting to acquire exclusive lock on daemon addresses registry.
2025-04-13T13:11:13.453+1000 [DEBUG] [org.gradle.cache.internal.DefaultFileLockManager] Lock acquired on daemon addresses registry.
2025-04-13T13:11:13.458+1000 [DEBUG] [org.gradle.cache.internal.DefaultFileLockManager] Releasing lock on daemon addresses registry.
2025-04-13T13:11:13.458+1000 [LIFECYCLE] [org.gradle.launcher.daemon.server.Daemon] Daemon server started.
2025-04-13T13:11:13.459+1000 [DEBUG] [org.gradle.launcher.daemon.bootstrap.DaemonStartupCommunication] Completed writing the daemon greeting. Closing streams...
2025-04-13T13:11:13.466+1000 [DEBUG] [org.gradle.launcher.daemon.server.Daemon] stopOnExpiration() called on daemon
2025-04-13T13:11:13.470+1000 [DEBUG] [org.gradle.internal.remote.internal.inet.TcpIncomingConnector] Accepted connection from /127.0.0.1:41068 to /127.0.0.1:41857.
2025-04-13T13:11:13.471+1000 [DEBUG] [org.gradle.launcher.daemon.server.Daemon] awaitExpiration() called on daemon
2025-04-13T13:11:13.475+1000 [DEBUG] [org.gradle.launcher.daemon.server.DaemonStateCoordinator] daemon is running. Sleeping until state changes.
2025-04-13T13:11:13.502+1000 [DEBUG] [org.gradle.launcher.daemon.server.SynchronizedDispatchConnection] thread 20: received class org.gradle.launcher.daemon.protocol.Build
2025-04-13T13:11:13.503+1000 [DEBUG] [org.gradle.launcher.daemon.server.DefaultDaemonConnection] thread 20: Received non-IO message from client: Build{id=2fcc205d-7549-459c-8174-d3ae54b3c1ef, currentDir=/home}
2025-04-13T13:11:13.503+1000 [INFO] [org.gradle.launcher.daemon.server.DefaultIncomingConnectionHandler] Received command: Build{id=2fcc205d-7549-459c-8174-d3ae54b3c1ef, currentDir=/home}.
2025-04-13T13:11:13.504+1000 [DEBUG] [org.gradle.launcher.daemon.server.DefaultIncomingConnectionHandler] Starting executing command: Build{id=2fcc205d-7549-459c-8174-d3ae54b3c1ef, currentDir=/home} with connection: socket connection from /127.0.0.1:41857 to /127.0.0.1:41068.
2025-04-13T13:11:13.506+1000 [DEBUG] [org.gradle.launcher.daemon.server.DaemonStateCoordinator] Command execution: started DaemonCommandExecution[command = Build{id=2fcc205d-7549-459c-8174-d3ae54b3c1ef, currentDir=/home}, connection = DefaultDaemonConnection: socket connection from /127.0.0.1:41857 to /127.0.0.1:41068] after 0.0012 minutes of idle
2025-04-13T13:11:13.507+1000 [INFO] [org.gradle.launcher.daemon.server.DaemonRegistryUpdater] Marking the daemon as busy, address: [00031980-6b2f-43c8-91c3-50ccb1b7ca93 port:41857, addresses:[localhost/127.0.0.1]]
2025-04-13T13:11:13.507+1000 [DEBUG] [org.gradle.launcher.daemon.registry.PersistentDaemonRegistry] Marking busy by address: [00031980-6b2f-43c8-91c3-50ccb1b7ca93 port:41857, addresses:[localhost/127.0.0.1]]
2025-04-13T13:11:13.509+1000 [DEBUG] [org.gradle.cache.internal.DefaultFileLockManager] Waiting to acquire exclusive lock on daemon addresses registry.
2025-04-13T13:11:13.510+1000 [DEBUG] [org.gradle.cache.internal.DefaultFileLockManager] Lock acquired on daemon addresses registry.
2025-04-13T13:11:13.512+1000 [DEBUG] [org.gradle.cache.internal.DefaultFileLockManager] Releasing lock on daemon addresses registry.
2025-04-13T13:11:13.513+1000 [DEBUG] [org.gradle.launcher.daemon.server.DaemonStateCoordinator] resetting idle timer
2025-04-13T13:11:13.513+1000 [DEBUG] [org.gradle.launcher.daemon.server.DaemonStateCoordinator] daemon is running. Sleeping until state changes.
2025-04-13T13:11:13.514+1000 [INFO] [org.gradle.launcher.daemon.server.exec.StartBuildOrRespondWithBusy] Daemon is about to start building Build{id=2fcc205d-7549-459c-8174-d3ae54b3c1ef, currentDir=/home}. Dispatching build started information...
2025-04-13T13:11:13.515+1000 [DEBUG] [org.gradle.launcher.daemon.server.SynchronizedDispatchConnection] thread 22: dispatching org.gradle.launcher.daemon.protocol.BuildStarted@2cbb007b
2025-04-13T13:11:13.516+1000 [DEBUG] [org.gradle.launcher.daemon.server.exec.EstablishBuildEnvironment] Configuring env variables: [PATH, MKLROOT, TZ, QUARTO_DART_SASS, ED_COURSE_ID, CLOJURE_HOME, TERM, LANG, DENO_DIR, ANDROID_HOME, GRADLE_HOME, XDG_CACHE_HOME, ED_EXTERNAL_HOST, PWD, ED_USER_ID, JULIA_NUM_PRECOMPILE_TASKS, PYTHONPATH, SHELL, NUGET_FALLBACK_PACKAGES, MPLBACKEND, ED_USER_NAME, GOPATH, USER, ANDROID_SDK_ROOT, JULIA_DEPOT_PATH, ED_WEB_ID, DEBUGINFOD_URLS, SCIKIT_LEARN_DATA, SHLVL, HOME, NUGET_PACKAGES]
2025-04-13T13:11:13.519+1000 [DEBUG] [org.gradle.launcher.daemon.server.exec.LogToClient] About to start relaying all logs to the client via the connection.
2025-04-13T13:11:13.519+1000 [INFO] [org.gradle.launcher.daemon.server.exec.LogToClient] The client will now receive all logging from the daemon (pid: 61). The daemon log file: /home/.gradle/daemon/8.13/daemon-61.out.log
2025-04-13T13:11:13.523+1000 [INFO] [org.gradle.launcher.daemon.server.exec.LogAndCheckHealth] Starting build in new daemon [memory: 494.9 MiB]
2025-04-13T13:11:13.524+1000 [DEBUG] [org.gradle.launcher.daemon.server.exec.ExecuteBuild] The daemon has started executing the build.
2025-04-13T13:11:13.525+1000 [DEBUG] [org.gradle.launcher.daemon.server.exec.ExecuteBuild] Executing build with daemon context: DefaultDaemonContext[uid=0490901e-666c-4673-831b-8e0be2fe6d37,javaHome=/usr/lib/jvm/java-23-openjdk,javaVersion=23,javaVendor=Arch Linux,daemonRegistryDir=/home/.gradle/daemon,pid=61,idleTimeout=10800000,priority=NORMAL,applyInstrumentationAgent=true,nativeServicesMode=ENABLED,daemonOpts=-XX:MaxMetaspaceSize=384m,-XX:+HeapDumpOnOutOfMemoryError,-Xms256m,-Xmx512m,-Dfile.encoding=UTF-8,-Duser.country=AU,-Duser.language=en,-Duser.variant]

FAILURE: Build failed with an exception.

* What went wrong:
Execution failed for task ':compileJava'.
> Could not resolve all files for configuration ':compileClasspath'.
   > Could not resolve com.google.guava:guava:28.0-jre.
     Required by:
         root project :
      > Could not resolve com.google.guava:guava:28.0-jre.
         > Could not get resource 'https://repo.maven.apache.org/maven2/com/google/guava/guava/28.0-jre/guava-28.0-jre.pom'.
            > Could not GET 'https://repo.maven.apache.org/maven2/com/google/guava/guava/28.0-jre/guava-28.0-jre.pom'.
               > repo.maven.apache.org
   > Could not resolve org.processing:core:3.3.7.
     Required by:
         root project :
      > Could not resolve org.processing:core:3.3.7.
         > Could not get resource 'https://repo.maven.apache.org/maven2/org/processing/core/3.3.7/core-3.3.7.pom'.
            > Could not GET 'https://repo.maven.apache.org/maven2/org/processing/core/3.3.7/core-3.3.7.pom'.
               > repo.maven.apache.org: Temporary failure in name resolution

* Try:
> Run with --stacktrace option to get the stack trace.
> Run with --info or --debug option to get more log output.
> Run with --scan to get full insights.
> Get more help at https://help.gradle.org.

BUILD FAILED in 4s
1 actionable task: 1 executed
2025-04-13T13:11:16.615+1000 [DEBUG] [org.gradle.launcher.daemon.server.exec.ExecuteBuild] The daemon has finished executing the build.
2025-04-13T13:11:16.618+1000 [DEBUG] [org.gradle.launcher.daemon.server.DaemonStateCoordinator] daemon is running. Sleeping until state changes.
2025-04-13T13:11:16.619+1000 [DEBUG] [org.gradle.launcher.daemon.server.DaemonStateCoordinator] Command execution: finished waiting for DaemonCommandExecution[command = Build{id=2fcc205d-7549-459c-8174-d3ae54b3c1ef, currentDir=/home}, connection = DefaultDaemonConnection: socket connection from /127.0.0.1:41857 to /127.0.0.1:41068]. Result org.gradle.launcher.daemon.server.DaemonStateCoordinator@3aba860d with state Busy
2025-04-13T13:11:16.620+1000 [DEBUG] [org.gradle.launcher.daemon.server.DaemonStateCoordinator] Command execution: completed DaemonCommandExecution[command = Build{id=2fcc205d-7549-459c-8174-d3ae54b3c1ef, currentDir=/home}, connection = DefaultDaemonConnection: socket connection from /127.0.0.1:41857 to /127.0.0.1:41068]
2025-04-13T13:11:16.620+1000 [DEBUG] [org.gradle.launcher.daemon.server.DaemonStateCoordinator] resetting idle timer
2025-04-13T13:11:16.621+1000 [INFO] [org.gradle.launcher.daemon.server.DaemonRegistryUpdater] Marking the daemon as idle, address: [00031980-6b2f-43c8-91c3-50ccb1b7ca93 port:41857, addresses:[localhost/127.0.0.1]]
2025-04-13T13:11:16.621+1000 [DEBUG] [org.gradle.launcher.daemon.registry.PersistentDaemonRegistry] Marking busy by address: [00031980-6b2f-43c8-91c3-50ccb1b7ca93 port:41857, addresses:[localhost/127.0.0.1]]
2025-04-13T13:11:16.622+1000 [DEBUG] [org.gradle.cache.internal.DefaultFileLockManager] Waiting to acquire exclusive lock on daemon addresses registry.
2025-04-13T13:11:16.623+1000 [DEBUG] [org.gradle.cache.internal.DefaultFileLockManager] Lock acquired on daemon addresses registry.
2025-04-13T13:11:16.626+1000 [DEBUG] [org.gradle.cache.internal.DefaultFileLockManager] Releasing lock on daemon addresses registry.
2025-04-13T13:11:16.627+1000 [DEBUG] [org.gradle.launcher.daemon.server.exec.ReturnResult] Daemon is dispatching the build result: Success[value=org.gradle.launcher.exec.BuildActionResult@33ca99d1]
2025-04-13T13:11:16.628+1000 [DEBUG] [org.gradle.launcher.daemon.server.SynchronizedDispatchConnection] thread 19: dispatching Success[value=org.gradle.launcher.exec.BuildActionResult@33ca99d1]
2025-04-13T13:11:16.627+1000 [DEBUG] [org.gradle.launcher.daemon.server.DaemonStateCoordinator] daemon is running. Sleeping until state changes.
2025-04-13T13:11:16.635+1000 [DEBUG] [org.gradle.launcher.daemon.server.exec.CleanUpVirtualFileSystemAfterBuild] Cleaning virtual file system after build finished
2025-04-13T13:11:16.636+1000 [DEBUG] [org.gradle.launcher.daemon.server.DefaultIncomingConnectionHandler] Finishing executing command: Build{id=2fcc205d-7549-459c-8174-d3ae54b3c1ef, currentDir=/home}
2025-04-13T13:11:16.667+1000 [DEBUG] [org.gradle.launcher.daemon.server.SynchronizedDispatchConnection] thread 20: received class org.gradle.launcher.daemon.protocol.CloseInput
2025-04-13T13:11:16.668+1000 [DEBUG] [org.gradle.launcher.daemon.server.DefaultDaemonConnection] thread 20: Received IO message from client: org.gradle.launcher.daemon.protocol.CloseInput@fc68e68
2025-04-13T13:11:16.669+1000 [DEBUG] [org.gradle.launcher.daemon.server.SynchronizedDispatchConnection] thread 20: received class org.gradle.launcher.daemon.protocol.Finished
2025-04-13T13:11:16.669+1000 [DEBUG] [org.gradle.launcher.daemon.server.DefaultDaemonConnection] thread 20: Received non-IO message from client: org.gradle.launcher.daemon.protocol.Finished@50fb1ddf
2025-04-13T13:11:16.670+1000 [DEBUG] [org.gradle.launcher.daemon.server.DefaultIncomingConnectionHandler] Received finished message: org.gradle.launcher.daemon.protocol.Finished@50fb1ddf
2025-04-13T13:11:16.671+1000 [DEBUG] [org.gradle.launcher.daemon.server.SynchronizedDispatchConnection] thread 19: stopping connection
2025-04-13T13:11:16.671+1000 [DEBUG] [org.gradle.internal.remote.internal.inet.SocketConnection] Discarding EOFException: java.io.EOFException
2025-04-13T13:11:16.673+1000 [DEBUG] [org.gradle.launcher.daemon.server.SynchronizedDispatchConnection] thread 20: received null
2025-04-13T13:11:16.673+1000 [DEBUG] [org.gradle.launcher.daemon.server.DefaultDaemonConnection] thread 20: Received end-of-input from client.
2025-04-13T13:11:16.674+1000 [DEBUG] [org.gradle.launcher.daemon.server.SynchronizedDispatchConnection] thread 19: stopping connection
2025-04-13T13:11:20.560+1000 [DEBUG] [org.gradle.process.internal.health.memory.DefaultMemoryManager] 402653184 physical memory requested, 204525568 free
2025-04-13T13:11:20.561+1000 [DEBUG] [org.gradle.workers.internal.WorkerDaemonExpiration] Will attempt to release 384 of memory
2025-04-13T13:11:20.562+1000 [DEBUG] [org.gradle.process.internal.health.memory.DefaultMemoryManager] 402653184 physical memory requested, 0 released, 204525568 free
2025-04-13T13:11:23.470+1000 [DEBUG] [org.gradle.cache.internal.DefaultFileLockManager] Waiting to acquire shared lock on daemon addresses registry.
2025-04-13T13:11:23.471+1000 [DEBUG] [org.gradle.cache.internal.DefaultFileLockManager] Lock acquired on daemon addresses registry.
2025-04-13T13:11:23.472+1000 [DEBUG] [org.gradle.cache.internal.DefaultFileLockManager] Releasing lock on daemon addresses registry.
2025-04-13T13:11:23.474+1000 [DEBUG] [org.gradle.cache.internal.DefaultFileLockManager] Waiting to acquire shared lock on daemon addresses registry.
2025-04-13T13:11:23.474+1000 [DEBUG] [org.gradle.cache.internal.DefaultFileLockManager] Lock acquired on daemon addresses registry.
2025-04-13T13:11:23.475+1000 [DEBUG] [org.gradle.cache.internal.DefaultFileLockManager] Releasing lock on daemon addresses registry.
2025-04-13T13:11:25.560+1000 [DEBUG] [org.gradle.process.internal.health.memory.DefaultMemoryManager] 402653184 physical memory requested, 204333056 free
2025-04-13T13:11:25.560+1000 [DEBUG] [org.gradle.workers.internal.WorkerDaemonExpiration] Will attempt to release 384 of memory
2025-04-13T13:11:25.561+1000 [DEBUG] [org.gradle.process.internal.health.memory.DefaultMemoryManager] 402653184 physical memory requested, 0 released, 204333056 free
2025-04-13T13:11:30.560+1000 [DEBUG] [org.gradle.process.internal.health.memory.DefaultMemoryManager] 402653184 physical memory requested, 204316672 free
2025-04-13T13:11:30.561+1000 [DEBUG] [org.gradle.workers.internal.WorkerDaemonExpiration] Will attempt to release 384 of memory
2025-04-13T13:11:30.561+1000 [DEBUG] [org.gradle.process.internal.health.memory.DefaultMemoryManager] 402653184 physical memory requested, 0 released, 204316672 free
2025-04-13T13:11:33.469+1000 [DEBUG] [org.gradle.cache.internal.DefaultFileLockManager] Waiting to acquire shared lock on daemon addresses registry.
2025-04-13T13:11:33.470+1000 [DEBUG] [org.gradle.cache.internal.DefaultFileLockManager] Lock acquired on daemon addresses registry.
2025-04-13T13:11:33.471+1000 [DEBUG] [org.gradle.cache.internal.DefaultFileLockManager] Releasing lock on daemon addresses registry.
2025-04-13T13:11:33.472+1000 [DEBUG] [org.gradle.cache.internal.DefaultFileLockManager] Waiting to acquire shared lock on daemon addresses registry.
2025-04-13T13:11:33.473+1000 [DEBUG] [org.gradle.cache.internal.DefaultFileLockManager] Lock acquired on daemon addresses registry.
2025-04-13T13:11:33.474+1000 [DEBUG] [org.gradle.cache.internal.DefaultFileLockManager] Releasing lock on daemon addresses registry.
2025-04-13T13:11:33.475+1000 [DEBUG] [org.gradle.cache.internal.DefaultFileLockManager] Waiting to acquire shared lock on daemon addresses registry.
2025-04-13T13:11:33.476+1000 [DEBUG] [org.gradle.cache.internal.DefaultFileLockManager] Lock acquired on daemon addresses registry.
2025-04-13T13:11:33.476+1000 [DEBUG] [org.gradle.cache.internal.DefaultFileLockManager] Releasing lock on daemon addresses registry.
2025-04-13T13:11:35.560+1000 [DEBUG] [org.gradle.process.internal.health.memory.DefaultMemoryManager] 402653184 physical memory requested, 204500992 free
2025-04-13T13:11:35.561+1000 [DEBUG] [org.gradle.workers.internal.WorkerDaemonExpiration] Will attempt to release 384 of memory
2025-04-13T13:11:35.561+1000 [DEBUG] [org.gradle.process.internal.health.memory.DefaultMemoryManager] 402653184 physical memory requested, 0 released, 204500992 free
2025-04-13T13:11:40.560+1000 [DEBUG] [org.gradle.process.internal.health.memory.DefaultMemoryManager] 402653184 physical memory requested, 204222464 free
2025-04-13T13:11:40.561+1000 [DEBUG] [org.gradle.workers.internal.WorkerDaemonExpiration] Will attempt to release 384 of memory
2025-04-13T13:11:40.561+1000 [DEBUG] [org.gradle.process.internal.health.memory.DefaultMemoryManager] 402653184 physical memory requested, 0 released, 204222464 free
2025-04-13T13:11:43.470+1000 [DEBUG] [org.gradle.cache.internal.DefaultFileLockManager] Waiting to acquire shared lock on daemon addresses registry.
2025-04-13T13:11:43.470+1000 [DEBUG] [org.gradle.cache.internal.DefaultFileLockManager] Lock acquired on daemon addresses registry.
2025-04-13T13:11:43.471+1000 [DEBUG] [org.gradle.cache.internal.DefaultFileLockManager] Releasing lock on daemon addresses registry.
2025-04-13T13:11:43.472+1000 [DEBUG] [org.gradle.cache.internal.DefaultFileLockManager] Waiting to acquire shared lock on daemon addresses registry.
2025-04-13T13:11:43.473+1000 [DEBUG] [org.gradle.cache.internal.DefaultFileLockManager] Lock acquired on daemon addresses registry.
2025-04-13T13:11:43.473+1000 [DEBUG] [org.gradle.cache.internal.DefaultFileLockManager] Releasing lock on daemon addresses registry.
2025-04-13T13:11:43.474+1000 [DEBUG] [org.gradle.cache.internal.DefaultFileLockManager] Waiting to acquire shared lock on daemon addresses registry.
2025-04-13T13:11:43.475+1000 [DEBUG] [org.gradle.cache.internal.DefaultFileLockManager] Lock acquired on daemon addresses registry.
2025-04-13T13:11:43.476+1000 [DEBUG] [org.gradle.cache.internal.DefaultFileLockManager] Releasing lock on daemon addresses registry.
2025-04-13T13:11:45.560+1000 [DEBUG] [org.gradle.process.internal.health.memory.DefaultMemoryManager] 402653184 physical memory requested, 204210176 free
2025-04-13T13:11:45.561+1000 [DEBUG] [org.gradle.workers.internal.WorkerDaemonExpiration] Will attempt to release 384 of memory
2025-04-13T13:11:45.561+1000 [DEBUG] [org.gradle.process.internal.health.memory.DefaultMemoryManager] 402653184 physical memory requested, 0 released, 204210176 free
2025-04-13T13:11:50.560+1000 [DEBUG] [org.gradle.process.internal.health.memory.DefaultMemoryManager] 402653184 physical memory requested, 204177408 free
2025-04-13T13:11:50.561+1000 [DEBUG] [org.gradle.workers.internal.WorkerDaemonExpiration] Will attempt to release 384 of memory
2025-04-13T13:11:50.561+1000 [DEBUG] [org.gradle.process.internal.health.memory.DefaultMemoryManager] 402653184 physical memory requested, 0 released, 204177408 free
2025-04-13T13:11:53.469+1000 [DEBUG] [org.gradle.cache.internal.DefaultFileLockManager] Waiting to acquire shared lock on daemon addresses registry.
2025-04-13T13:11:53.469+1000 [DEBUG] [org.gradle.cache.internal.DefaultFileLockManager] Lock acquired on daemon addresses registry.
2025-04-13T13:11:53.470+1000 [DEBUG] [org.gradle.cache.internal.DefaultFileLockManager] Releasing lock on daemon addresses registry.
2025-04-13T13:11:53.471+1000 [DEBUG] [org.gradle.cache.internal.DefaultFileLockManager] Waiting to acquire shared lock on daemon addresses registry.
2025-04-13T13:11:53.472+1000 [DEBUG] [org.gradle.cache.internal.DefaultFileLockManager] Lock acquired on daemon addresses registry.
2025-04-13T13:11:53.472+1000 [DEBUG] [org.gradle.cache.internal.DefaultFileLockManager] Releasing lock on daemon addresses registry.
2025-04-13T13:11:53.473+1000 [DEBUG] [org.gradle.cache.internal.DefaultFileLockManager] Waiting to acquire shared lock on daemon addresses registry.
2025-04-13T13:11:53.474+1000 [DEBUG] [org.gradle.cache.internal.DefaultFileLockManager] Lock acquired on daemon addresses registry.
2025-04-13T13:11:53.475+1000 [DEBUG] [org.gradle.cache.internal.DefaultFileLockManager] Releasing lock on daemon addresses registry.
2025-04-13T13:11:55.559+1000 [DEBUG] [org.gradle.process.internal.health.memory.DefaultMemoryManager] 402653184 physical memory requested, 204169216 free
2025-04-13T13:11:55.560+1000 [DEBUG] [org.gradle.workers.internal.WorkerDaemonExpiration] Will attempt to release 384 of memory
2025-04-13T13:11:55.560+1000 [DEBUG] [org.gradle.process.internal.health.memory.DefaultMemoryManager] 402653184 physical memory requested, 0 released, 204169216 free
2025-04-13T13:12:00.560+1000 [DEBUG] [org.gradle.process.internal.health.memory.DefaultMemoryManager] 402653184 physical memory requested, 204386304 free
2025-04-13T13:12:00.561+1000 [DEBUG] [org.gradle.workers.internal.WorkerDaemonExpiration] Will attempt to release 384 of memory
2025-04-13T13:12:00.561+1000 [DEBUG] [org.gradle.process.internal.health.memory.DefaultMemoryManager] 402653184 physical memory requested, 0 released, 204386304 free
2025-04-13T13:12:03.470+1000 [DEBUG] [org.gradle.cache.internal.DefaultFileLockManager] Waiting to acquire shared lock on daemon addresses registry.
2025-04-13T13:12:03.470+1000 [DEBUG] [org.gradle.cache.internal.DefaultFileLockManager] Lock acquired on daemon addresses registry.
2025-04-13T13:12:03.471+1000 [DEBUG] [org.gradle.cache.internal.DefaultFileLockManager] Releasing lock on daemon addresses registry.
2025-04-13T13:12:03.472+1000 [DEBUG] [org.gradle.cache.internal.DefaultFileLockManager] Waiting to acquire shared lock on daemon addresses registry.
2025-04-13T13:12:03.473+1000 [DEBUG] [org.gradle.cache.internal.DefaultFileLockManager] Lock acquired on daemon addresses registry.
2025-04-13T13:12:03.473+1000 [DEBUG] [org.gradle.cache.internal.DefaultFileLockManager] Releasing lock on daemon addresses registry.
2025-04-13T13:12:03.475+1000 [DEBUG] [org.gradle.cache.internal.DefaultFileLockManager] Waiting to acquire shared lock on daemon addresses registry.
2025-04-13T13:12:03.475+1000 [DEBUG] [org.gradle.cache.internal.DefaultFileLockManager] Lock acquired on daemon addresses registry.
2025-04-13T13:12:03.476+1000 [DEBUG] [org.gradle.cache.internal.DefaultFileLockManager] Releasing lock on daemon addresses registry.
2025-04-13T13:12:05.560+1000 [DEBUG] [org.gradle.process.internal.health.memory.DefaultMemoryManager] 402653184 physical memory requested, 204120064 free
2025-04-13T13:12:05.561+1000 [DEBUG] [org.gradle.workers.internal.WorkerDaemonExpiration] Will attempt to release 384 of memory
2025-04-13T13:12:05.561+1000 [DEBUG] [org.gradle.process.internal.health.memory.DefaultMemoryManager] 402653184 physical memory requested, 0 released, 204120064 free
2025-04-13T13:12:10.563+1000 [DEBUG] [org.gradle.process.internal.health.memory.DefaultMemoryManager] 402653184 physical memory requested, 204099584 free
2025-04-13T13:12:10.563+1000 [DEBUG] [org.gradle.workers.internal.WorkerDaemonExpiration] Will attempt to release 384 of memory
2025-04-13T13:12:10.564+1000 [DEBUG] [org.gradle.process.internal.health.memory.DefaultMemoryManager] 402653184 physical memory requested, 0 released, 204099584 free
2025-04-13T13:12:13.470+1000 [DEBUG] [org.gradle.cache.internal.DefaultFileLockManager] Waiting to acquire shared lock on daemon addresses registry.
2025-04-13T13:12:13.470+1000 [DEBUG] [org.gradle.cache.internal.DefaultFileLockManager] Lock acquired on daemon addresses registry.
2025-04-13T13:12:13.471+1000 [DEBUG] [org.gradle.cache.internal.DefaultFileLockManager] Releasing lock on daemon addresses registry.
2025-04-13T13:12:13.472+1000 [DEBUG] [org.gradle.cache.internal.DefaultFileLockManager] Waiting to acquire shared lock on daemon addresses registry.
2025-04-13T13:12:13.473+1000 [DEBUG] [org.gradle.cache.internal.DefaultFileLockManager] Lock acquired on daemon addresses registry.
2025-04-13T13:12:13.473+1000 [DEBUG] [org.gradle.cache.internal.DefaultFileLockManager] Releasing lock on daemon addresses registry.
2025-04-13T13:12:13.474+1000 [DEBUG] [org.gradle.cache.internal.DefaultFileLockManager] Waiting to acquire shared lock on daemon addresses registry.
2025-04-13T13:12:13.475+1000 [DEBUG] [org.gradle.cache.internal.DefaultFileLockManager] Lock acquired on daemon addresses registry.
2025-04-13T13:12:13.476+1000 [DEBUG] [org.gradle.cache.internal.DefaultFileLockManager] Releasing lock on daemon addresses registry.
